  wxWidgetsNuGetCreatePCH.cpp
  room.cpp
  messageballoon.cpp
d:\realtimechat-client\wxchatprogram\messageballoon.cpp(42): warning C4996: 'wxWindowBase::SetBestSize': deprecated: use SetInitialSize() instead.
  d:\wxwidgets-3.1.0\include\wx\window.h(1912): note: 'wxWindowBase::SetBestSize' 선언을 참조하십시오.
d:\realtimechat-client\wxchatprogram\messageballoon.cpp(135): warning C4996: 'wxWindowBase::SetBestSize': deprecated: use SetInitialSize() instead.
  d:\wxwidgets-3.1.0\include\wx\window.h(1912): note: 'wxWindowBase::SetBestSize' 선언을 참조하십시오.
d:\realtimechat-client\wxchatprogram\messageballoon.cpp(218): warning C4996: 'wxWindowBase::SetBestSize': deprecated: use SetInitialSize() instead.
  d:\wxwidgets-3.1.0\include\wx\window.h(1912): note: 'wxWindowBase::SetBestSize' 선언을 참조하십시오.
  member.cpp
d:\wxwidgets-3.1.0\include\wx\wxcrt.h(209): warning C4996: 'strcpy': This function or variable may be unsafe. Consider using strcpy_s instead. To disable deprecation, use _CRT_SECURE_NO_WARNINGS. See online help for details.
  c:\program files (x86)\windows kits\10\include\10.0.14393.0\ucrt\string.h(129): note: 'strcpy' 선언을 참조하십시오.
d:\wxwidgets-3.1.0\include\wx\wxcrt.h(211): warning C4996: 'wcscpy': This function or variable may be unsafe. Consider using wcscpy_s instead. To disable deprecation, use _CRT_SECURE_NO_WARNINGS. See online help for details.
  c:\program files (x86)\windows kits\10\include\10.0.14393.0\ucrt\corecrt_wstring.h(121): note: 'wcscpy' 선언을 참조하십시오.
d:\wxwidgets-3.1.0\include\wx\wxcrt.h(213): warning C4996: 'strcpy': This function or variable may be unsafe. Consider using strcpy_s instead. To disable deprecation, use _CRT_SECURE_NO_WARNINGS. See online help for details.
  c:\program files (x86)\windows kits\10\include\10.0.14393.0\ucrt\string.h(129): note: 'strcpy' 선언을 참조하십시오.
d:\wxwidgets-3.1.0\include\wx\wxcrt.h(215): warning C4996: 'strcpy': This function or variable may be unsafe. Consider using strcpy_s instead. To disable deprecation, use _CRT_SECURE_NO_WARNINGS. See online help for details.
  c:\program files (x86)\windows kits\10\include\10.0.14393.0\ucrt\string.h(129): note: 'strcpy' 선언을 참조하십시오.
d:\wxwidgets-3.1.0\include\wx\wxcrt.h(217): warning C4996: 'strcpy': This function or variable may be unsafe. Consider using strcpy_s instead. To disable deprecation, use _CRT_SECURE_NO_WARNINGS. See online help for details.
  c:\program files (x86)\windows kits\10\include\10.0.14393.0\ucrt\string.h(129): note: 'strcpy' 선언을 참조하십시오.
d:\wxwidgets-3.1.0\include\wx\wxcrt.h(219): warning C4996: 'wcscpy': This function or variable may be unsafe. Consider using wcscpy_s instead. To disable deprecation, use _CRT_SECURE_NO_WARNINGS. See online help for details.
  c:\program files (x86)\windows kits\10\include\10.0.14393.0\ucrt\corecrt_wstring.h(121): note: 'wcscpy' 선언을 참조하십시오.
d:\wxwidgets-3.1.0\include\wx\wxcrt.h(221): warning C4996: 'wcscpy': This function or variable may be unsafe. Consider using wcscpy_s instead. To disable deprecation, use _CRT_SECURE_NO_WARNINGS. See online help for details.
  c:\program files (x86)\windows kits\10\include\10.0.14393.0\ucrt\corecrt_wstring.h(121): note: 'wcscpy' 선언을 참조하십시오.
d:\wxwidgets-3.1.0\include\wx\wxcrt.h(223): warning C4996: 'wcscpy': This function or variable may be unsafe. Consider using wcscpy_s instead. To disable deprecation, use _CRT_SECURE_NO_WARNINGS. See online help for details.
  c:\program files (x86)\windows kits\10\include\10.0.14393.0\ucrt\corecrt_wstring.h(121): note: 'wcscpy' 선언을 참조하십시오.
d:\wxwidgets-3.1.0\include\wx\wxcrt.h(225): warning C4996: 'strcpy': This function or variable may be unsafe. Consider using strcpy_s instead. To disable deprecation, use _CRT_SECURE_NO_WARNINGS. See online help for details.
  c:\program files (x86)\windows kits\10\include\10.0.14393.0\ucrt\string.h(129): note: 'strcpy' 선언을 참조하십시오.
d:\wxwidgets-3.1.0\include\wx\wxcrt.h(227): warning C4996: 'wcscpy': This function or variable may be unsafe. Consider using wcscpy_s instead. To disable deprecation, use _CRT_SECURE_NO_WARNINGS. See online help for details.
  c:\program files (x86)\windows kits\10\include\10.0.14393.0\ucrt\corecrt_wstring.h(121): note: 'wcscpy' 선언을 참조하십시오.
d:\wxwidgets-3.1.0\include\wx\wxcrt.h(230): warning C4996: 'strncpy': This function or variable may be unsafe. Consider using strncpy_s instead. To disable deprecation, use _CRT_SECURE_NO_WARNINGS. See online help for details.
  c:\program files (x86)\windows kits\10\include\10.0.14393.0\ucrt\string.h(335): note: 'strncpy' 선언을 참조하십시오.
d:\wxwidgets-3.1.0\include\wx\wxcrt.h(232): warning C4996: 'wcsncpy': This function or variable may be unsafe. Consider using wcsncpy_s instead. To disable deprecation, use _CRT_SECURE_NO_WARNINGS. See online help for details.
  c:\program files (x86)\windows kits\10\include\10.0.14393.0\ucrt\corecrt_wstring.h(204): note: 'wcsncpy' 선언을 참조하십시오.
d:\wxwidgets-3.1.0\include\wx\wxcrt.h(234): warning C4996: 'strncpy': This function or variable may be unsafe. Consider using strncpy_s instead. To disable deprecation, use _CRT_SECURE_NO_WARNINGS. See online help for details.
  c:\program files (x86)\windows kits\10\include\10.0.14393.0\ucrt\string.h(335): note: 'strncpy' 선언을 참조하십시오.
d:\wxwidgets-3.1.0\include\wx\wxcrt.h(236): warning C4996: 'strncpy': This function or variable may be unsafe. Consider using strncpy_s instead. To disable deprecation, use _CRT_SECURE_NO_WARNINGS. See online help for details.
  c:\program files (x86)\windows kits\10\include\10.0.14393.0\ucrt\string.h(335): note: 'strncpy' 선언을 참조하십시오.
d:\wxwidgets-3.1.0\include\wx\wxcrt.h(238): warning C4996: 'strncpy': This function or variable may be unsafe. Consider using strncpy_s instead. To disable deprecation, use _CRT_SECURE_NO_WARNINGS. See online help for details.
  c:\program files (x86)\windows kits\10\include\10.0.14393.0\ucrt\string.h(335): note: 'strncpy' 선언을 참조하십시오.
d:\wxwidgets-3.1.0\include\wx\wxcrt.h(240): warning C4996: 'wcsncpy': This function or variable may be unsafe. Consider using wcsncpy_s instead. To disable deprecation, use _CRT_SECURE_NO_WARNINGS. See online help for details.
  c:\program files (x86)\windows kits\10\include\10.0.14393.0\ucrt\corecrt_wstring.h(204): note: 'wcsncpy' 선언을 참조하십시오.
d:\wxwidgets-3.1.0\include\wx\wxcrt.h(242): warning C4996: 'wcsncpy': This function or variable may be unsafe. Consider using wcsncpy_s instead. To disable deprecation, use _CRT_SECURE_NO_WARNINGS. See online help for details.
  c:\program files (x86)\windows kits\10\include\10.0.14393.0\ucrt\corecrt_wstring.h(204): note: 'wcsncpy' 선언을 참조하십시오.
d:\wxwidgets-3.1.0\include\wx\wxcrt.h(244): warning C4996: 'wcsncpy': This function or variable may be unsafe. Consider using wcsncpy_s instead. To disable deprecation, use _CRT_SECURE_NO_WARNINGS. See online help for details.
  c:\program files (x86)\windows kits\10\include\10.0.14393.0\ucrt\corecrt_wstring.h(204): note: 'wcsncpy' 선언을 참조하십시오.
d:\wxwidgets-3.1.0\include\wx\wxcrt.h(246): warning C4996: 'strncpy': This function or variable may be unsafe. Consider using strncpy_s instead. To disable deprecation, use _CRT_SECURE_NO_WARNINGS. See online help for details.
  c:\program files (x86)\windows kits\10\include\10.0.14393.0\ucrt\string.h(335): note: 'strncpy' 선언을 참조하십시오.
d:\wxwidgets-3.1.0\include\wx\wxcrt.h(248): warning C4996: 'wcsncpy': This function or variable may be unsafe. Consider using wcsncpy_s instead. To disable deprecation, use _CRT_SECURE_NO_WARNINGS. See online help for details.
  c:\program files (x86)\windows kits\10\include\10.0.14393.0\ucrt\corecrt_wstring.h(204): note: 'wcsncpy' 선언을 참조하십시오.
d:\wxwidgets-3.1.0\include\wx\wxcrt.h(260): warning C4996: 'strncpy': This function or variable may be unsafe. Consider using strncpy_s instead. To disable deprecation, use _CRT_SECURE_NO_WARNINGS. See online help for details.
  c:\program files (x86)\windows kits\10\include\10.0.14393.0\ucrt\string.h(335): note: 'strncpy' 선언을 참조하십시오.
d:\wxwidgets-3.1.0\include\wx\wxcrt.h(273): warning C4996: 'wcsncpy': This function or variable may be unsafe. Consider using wcsncpy_s instead. To disable deprecation, use _CRT_SECURE_NO_WARNINGS. See online help for details.
  c:\program files (x86)\windows kits\10\include\10.0.14393.0\ucrt\corecrt_wstring.h(204): note: 'wcsncpy' 선언을 참조하십시오.
d:\wxwidgets-3.1.0\include\wx\wxcrt.h(281): warning C4996: 'strcat': This function or variable may be unsafe. Consider using strcat_s instead. To disable deprecation, use _CRT_SECURE_NO_WARNINGS. See online help for details.
  c:\program files (x86)\windows kits\10\include\10.0.14393.0\ucrt\string.h(90): note: 'strcat' 선언을 참조하십시오.
d:\wxwidgets-3.1.0\include\wx\wxcrt.h(283): warning C4996: 'wcscat': This function or variable may be unsafe. Consider using wcscat_s instead. To disable deprecation, use _CRT_SECURE_NO_WARNINGS. See online help for details.
  c:\program files (x86)\windows kits\10\include\10.0.14393.0\ucrt\corecrt_wstring.h(101): note: 'wcscat' 선언을 참조하십시오.
d:\wxwidgets-3.1.0\include\wx\wxcrt.h(285): warning C4996: 'strcat': This function or variable may be unsafe. Consider using strcat_s instead. To disable deprecation, use _CRT_SECURE_NO_WARNINGS. See online help for details.
  c:\program files (x86)\windows kits\10\include\10.0.14393.0\ucrt\string.h(90): note: 'strcat' 선언을 참조하십시오.
d:\wxwidgets-3.1.0\include\wx\wxcrt.h(287): warning C4996: 'strcat': This function or variable may be unsafe. Consider using strcat_s instead. To disable deprecation, use _CRT_SECURE_NO_WARNINGS. See online help for details.
  c:\program files (x86)\windows kits\10\include\10.0.14393.0\ucrt\string.h(90): note: 'strcat' 선언을 참조하십시오.
d:\wxwidgets-3.1.0\include\wx\wxcrt.h(289): warning C4996: 'strcat': This function or variable may be unsafe. Consider using strcat_s instead. To disable deprecation, use _CRT_SECURE_NO_WARNINGS. See online help for details.
  c:\program files (x86)\windows kits\10\include\10.0.14393.0\ucrt\string.h(90): note: 'strcat' 선언을 참조하십시오.
d:\wxwidgets-3.1.0\include\wx\wxcrt.h(291): warning C4996: 'wcscat': This function or variable may be unsafe. Consider using wcscat_s instead. To disable deprecation, use _CRT_SECURE_NO_WARNINGS. See online help for details.
  c:\program files (x86)\windows kits\10\include\10.0.14393.0\ucrt\corecrt_wstring.h(101): note: 'wcscat' 선언을 참조하십시오.
d:\wxwidgets-3.1.0\include\wx\wxcrt.h(293): warning C4996: 'wcscat': This function or variable may be unsafe. Consider using wcscat_s instead. To disable deprecation, use _CRT_SECURE_NO_WARNINGS. See online help for details.
  c:\program files (x86)\windows kits\10\include\10.0.14393.0\ucrt\corecrt_wstring.h(101): note: 'wcscat' 선언을 참조하십시오.
d:\wxwidgets-3.1.0\include\wx\wxcrt.h(295): warning C4996: 'wcscat': This function or variable may be unsafe. Consider using wcscat_s instead. To disable deprecation, use _CRT_SECURE_NO_WARNINGS. See online help for details.
  c:\program files (x86)\windows kits\10\include\10.0.14393.0\ucrt\corecrt_wstring.h(101): note: 'wcscat' 선언을 참조하십시오.
d:\wxwidgets-3.1.0\include\wx\wxcrt.h(297): warning C4996: 'strcat': This function or variable may be unsafe. Consider using strcat_s instead. To disable deprecation, use _CRT_SECURE_NO_WARNINGS. See online help for details.
  c:\program files (x86)\windows kits\10\include\10.0.14393.0\ucrt\string.h(90): note: 'strcat' 선언을 참조하십시오.
d:\wxwidgets-3.1.0\include\wx\wxcrt.h(299): warning C4996: 'wcscat': This function or variable may be unsafe. Consider using wcscat_s instead. To disable deprecation, use _CRT_SECURE_NO_WARNINGS. See online help for details.
  c:\program files (x86)\windows kits\10\include\10.0.14393.0\ucrt\corecrt_wstring.h(101): note: 'wcscat' 선언을 참조하십시오.
d:\wxwidgets-3.1.0\include\wx\wxcrt.h(302): warning C4996: 'strncat': This function or variable may be unsafe. Consider using strncat_s instead. To disable deprecation, use _CRT_SECURE_NO_WARNINGS. See online help for details.
  c:\program files (x86)\windows kits\10\include\10.0.14393.0\ucrt\string.h(263): note: 'strncat' 선언을 참조하십시오.
d:\wxwidgets-3.1.0\include\wx\wxcrt.h(304): warning C4996: 'wcsncat': This function or variable may be unsafe. Consider using wcsncat_s instead. To disable deprecation, use _CRT_SECURE_NO_WARNINGS. See online help for details.
  c:\program files (x86)\windows kits\10\include\10.0.14393.0\ucrt\corecrt_wstring.h(182): note: 'wcsncat' 선언을 참조하십시오.
d:\wxwidgets-3.1.0\include\wx\wxcrt.h(306): warning C4996: 'strncat': This function or variable may be unsafe. Consider using strncat_s instead. To disable deprecation, use _CRT_SECURE_NO_WARNINGS. See online help for details.
  c:\program files (x86)\windows kits\10\include\10.0.14393.0\ucrt\string.h(263): note: 'strncat' 선언을 참조하십시오.
d:\wxwidgets-3.1.0\include\wx\wxcrt.h(308): warning C4996: 'strncat': This function or variable may be unsafe. Consider using strncat_s instead. To disable deprecation, use _CRT_SECURE_NO_WARNINGS. See online help for details.
  c:\program files (x86)\windows kits\10\include\10.0.14393.0\ucrt\string.h(263): note: 'strncat' 선언을 참조하십시오.
d:\wxwidgets-3.1.0\include\wx\wxcrt.h(310): warning C4996: 'strncat': This function or variable may be unsafe. Consider using strncat_s instead. To disable deprecation, use _CRT_SECURE_NO_WARNINGS. See online help for details.
  c:\program files (x86)\windows kits\10\include\10.0.14393.0\ucrt\string.h(263): note: 'strncat' 선언을 참조하십시오.
d:\wxwidgets-3.1.0\include\wx\wxcrt.h(312): warning C4996: 'wcsncat': This function or variable may be unsafe. Consider using wcsncat_s instead. To disable deprecation, use _CRT_SECURE_NO_WARNINGS. See online help for details.
  c:\program files (x86)\windows kits\10\include\10.0.14393.0\ucrt\corecrt_wstring.h(182): note: 'wcsncat' 선언을 참조하십시오.
d:\wxwidgets-3.1.0\include\wx\wxcrt.h(314): warning C4996: 'wcsncat': This function or variable may be unsafe. Consider using wcsncat_s instead. To disable deprecation, use _CRT_SECURE_NO_WARNINGS. See online help for details.
  c:\program files (x86)\windows kits\10\include\10.0.14393.0\ucrt\corecrt_wstring.h(182): note: 'wcsncat' 선언을 참조하십시오.
d:\wxwidgets-3.1.0\include\wx\wxcrt.h(316): warning C4996: 'wcsncat': This function or variable may be unsafe. Consider using wcsncat_s instead. To disable deprecation, use _CRT_SECURE_NO_WARNINGS. See online help for details.
  c:\program files (x86)\windows kits\10\include\10.0.14393.0\ucrt\corecrt_wstring.h(182): note: 'wcsncat' 선언을 참조하십시오.
d:\wxwidgets-3.1.0\include\wx\wxcrt.h(318): warning C4996: 'strncat': This function or variable may be unsafe. Consider using strncat_s instead. To disable deprecation, use _CRT_SECURE_NO_WARNINGS. See online help for details.
  c:\program files (x86)\windows kits\10\include\10.0.14393.0\ucrt\string.h(263): note: 'strncat' 선언을 참조하십시오.
d:\wxwidgets-3.1.0\include\wx\wxcrt.h(320): warning C4996: 'wcsncat': This function or variable may be unsafe. Consider using wcsncat_s instead. To disable deprecation, use _CRT_SECURE_NO_WARNINGS. See online help for details.
  c:\program files (x86)\windows kits\10\include\10.0.14393.0\ucrt\corecrt_wstring.h(182): note: 'wcsncat' 선언을 참조하십시오.
d:\wxwidgets-3.1.0\include\wx\wxcrt.h(753): warning C4996: '_wfopen': This function or variable may be unsafe. Consider using _wfopen_s instead. To disable deprecation, use _CRT_SECURE_NO_WARNINGS. See online help for details.
  c:\program files (x86)\windows kits\10\include\10.0.14393.0\ucrt\corecrt_wstdio.h(130): note: '_wfopen' 선언을 참조하십시오.
d:\wxwidgets-3.1.0\include\wx\wxcrt.h(755): warning C4996: '_wfreopen': This function or variable may be unsafe. Consider using _wfreopen_s instead. To disable deprecation, use _CRT_SECURE_NO_WARNINGS. See online help for details.
  c:\program files (x86)\windows kits\10\include\10.0.14393.0\ucrt\corecrt_wstdio.h(144): note: '_wfreopen' 선언을 참조하십시오.
d:\wxwidgets-3.1.0\include\wx\wxcrt.h(917): warning C4996: 'getenv': This function or variable may be unsafe. Consider using _dupenv_s instead. To disable deprecation, use _CRT_SECURE_NO_WARNINGS. See online help for details.
  c:\program files (x86)\windows kits\10\include\10.0.14393.0\ucrt\stdlib.h(1188): note: 'getenv' 선언을 참조하십시오.
d:\wxwidgets-3.1.0\include\wx\wxcrt.h(918): warning C4996: '_wgetenv': This function or variable may be unsafe. Consider using _wdupenv_s instead. To disable deprecation, use _CRT_SECURE_NO_WARNINGS. See online help for details.
  c:\program files (x86)\windows kits\10\include\10.0.14393.0\ucrt\corecrt_wstdlib.h(418): note: '_wgetenv' 선언을 참조하십시오.
d:\wxwidgets-3.1.0\include\wx\wxcrt.h(919): warning C4996: 'getenv': This function or variable may be unsafe. Consider using _dupenv_s instead. To disable deprecation, use _CRT_SECURE_NO_WARNINGS. See online help for details.
  c:\program files (x86)\windows kits\10\include\10.0.14393.0\ucrt\stdlib.h(1188): note: 'getenv' 선언을 참조하십시오.
d:\wxwidgets-3.1.0\include\wx\wxcrt.h(920): warning C4996: 'getenv': This function or variable may be unsafe. Consider using _dupenv_s instead. To disable deprecation, use _CRT_SECURE_NO_WARNINGS. See online help for details.
  c:\program files (x86)\windows kits\10\include\10.0.14393.0\ucrt\stdlib.h(1188): note: 'getenv' 선언을 참조하십시오.
d:\wxwidgets-3.1.0\include\wx\wxcrt.h(921): warning C4996: 'getenv': This function or variable may be unsafe. Consider using _dupenv_s instead. To disable deprecation, use _CRT_SECURE_NO_WARNINGS. See online help for details.
  c:\program files (x86)\windows kits\10\include\10.0.14393.0\ucrt\stdlib.h(1188): note: 'getenv' 선언을 참조하십시오.
d:\wxwidgets-3.1.0\include\wx\wxcrt.h(922): warning C4996: '_wgetenv': This function or variable may be unsafe. Consider using _wdupenv_s instead. To disable deprecation, use _CRT_SECURE_NO_WARNINGS. See online help for details.
  c:\program files (x86)\windows kits\10\include\10.0.14393.0\ucrt\corecrt_wstdlib.h(418): note: '_wgetenv' 선언을 참조하십시오.
d:\wxwidgets-3.1.0\include\wx\filefn.h(426): warning C4996: '_wopen': This function or variable may be unsafe. Consider using _wsopen_s instead. To disable deprecation, use _CRT_SECURE_NO_WARNINGS. See online help for details.
  c:\program files (x86)\windows kits\10\include\10.0.14393.0\ucrt\corecrt_wio.h(225): note: '_wopen' 선언을 참조하십시오.
  main.cpp
d:\realtimechat-client\wxchatprogram\main.cpp(491): error C4430: 형식 지정자가 없습니다. int로 가정합니다. 참고: C++에서는 기본 int를 지원하지 않습니다.
d:\realtimechat-client\wxchatprogram\main.cpp(491): error C2143: 구문 오류: ','이(가) '&' 앞에 없습니다.
d:\realtimechat-client\wxchatprogram\main.cpp(432): error C2039: 'ShowMessage': 'MainFrame'의 멤버가 아닙니다.
  d:\realtimechat-client\wxchatprogram\main.cpp(347): note: 'MainFrame' 선언을 참조하십시오.
d:\realtimechat-client\wxchatprogram\main.cpp(443): error C2039: 'ShowMyMessage': 'MainFrame'의 멤버가 아닙니다.
  d:\realtimechat-client\wxchatprogram\main.cpp(347): note: 'MainFrame' 선언을 참조하십시오.
d:\realtimechat-client\wxchatprogram\main.cpp(480): error C2039: 'UpdateMemberList': 'MainFrame'의 멤버가 아닙니다.
  d:\realtimechat-client\wxchatprogram\main.cpp(347): note: 'MainFrame' 선언을 참조하십시오.
d:\realtimechat-client\wxchatprogram\main.cpp(481): error C2039: 'ShowSystemMessage': 'MainFrame'의 멤버가 아닙니다.
  d:\realtimechat-client\wxchatprogram\main.cpp(347): note: 'MainFrame' 선언을 참조하십시오.
d:\realtimechat-client\wxchatprogram\main.cpp(487): error C2039: 'UpdateMemberList': 'MainFrame'의 멤버가 아닙니다.
  d:\realtimechat-client\wxchatprogram\main.cpp(347): note: 'MainFrame' 선언을 참조하십시오.
d:\realtimechat-client\wxchatprogram\main.cpp(488): error C2039: 'ShowSystemMessage': 'MainFrame'의 멤버가 아닙니다.
  d:\realtimechat-client\wxchatprogram\main.cpp(347): note: 'MainFrame' 선언을 참조하십시오.
d:\realtimechat-client\wxchatprogram\main.cpp(501): error C2039: 'GetMessage': 'MainFrame'의 멤버가 아닙니다.
  d:\realtimechat-client\wxchatprogram\main.cpp(347): note: 'MainFrame' 선언을 참조하십시오.
  inputnamedialog.cpp
  guidesign.cpp
  channelpage.cpp
  코드를 생성하고 있습니다...
